# JRE version: Java(TM) SE Runtime Environment (8.0_201-b09) (build 1.8.0_201-b09)
# Java VM: Java HotSpot(TM) 64-Bit Server VM (25.201-b09 mixed mode windows-amd64 compressed oops)
Heap:
 PSYoungGen      total 224256K, used 24668K [0x000000076b400000, 0x000000077a800000, 0x00000007c0000000)
  eden space 211456K, 5% used [0x000000076b400000,0x000000076bf9c198,0x0000000778280000)
  from space 12800K, 99% used [0x0000000778280000,0x0000000778efae78,0x0000000778f00000)
  to   space 12288K, 0% used [0x0000000778f00000,0x0000000778f00000,0x0000000779b00000)
 ParOldGen       total 116224K, used 20772K [0x00000006c1c00000, 0x00000006c8d80000, 0x000000076b400000)
  object space 116224K, 17% used [0x00000006c1c00000,0x00000006c30490b8,0x00000006c8d80000)
 Metaspace       used 50910K, capacity 52796K, committed 52992K, reserved 1095680K
  class space    used 7007K, capacity 7350K, committed 7424K, reserved 1048576K
GC Heap History (10 events):
Event: 3.048 GC heap before
{Heap before GC invocations=5 (full 1):
 PSYoungGen      total 76288K, used 65536K [0x000000076b400000, 0x0000000774900000, 0x00000007c0000000)
  eden space 65536K, 100% used [0x000000076b400000,0x000000076f400000,0x000000076f400000)
  from space 10752K, 0% used [0x000000076f400000,0x000000076f400000,0x000000076fe80000)
  to   space 10752K, 0% used [0x0000000773e80000,0x0000000773e80000,0x0000000774900000)
 ParOldGen       total 81408K, used 6017K [0x00000006c1c00000, 0x00000006c6b80000, 0x000000076b400000)
  object space 81408K, 7% used [0x00000006c1c00000,0x00000006c21e0430,0x00000006c6b80000)
 Metaspace       used 25798K, capacity 26606K, committed 26880K, reserved 1073152K
  class space    used 3316K, capacity 3527K, committed 3584K, reserved 1048576K
Event: 3.057 GC heap after
Heap after GC invocations=5 (full 1):
 PSYoungGen      total 126976K, used 7246K [0x000000076b400000, 0x0000000774600000, 0x00000007c0000000)
  eden space 119296K, 0% used [0x000000076b400000,0x000000076b400000,0x0000000772880000)
  from space 7680K, 94% used [0x0000000773e80000,0x0000000774593a70,0x0000000774600000)
  to   space 10752K, 0% used [0x0000000773100000,0x0000000773100000,0x0000000773b80000)
 ParOldGen       total 81408K, used 6025K [0x00000006c1c00000, 0x00000006c6b80000, 0x000000076b400000)
  object space 81408K, 7% used [0x00000006c1c00000,0x00000006c21e2430,0x00000006c6b80000)
 Metaspace       used 25798K, capacity 26606K, committed 26880K, reserved 1073152K
  class space    used 3316K, capacity 3527K, committed 3584K, reserved 1048576K
}
Event: 4.323 GC heap before
{Heap before GC invocations=6 (full 1):
 PSYoungGen      total 126976K, used 126542K [0x000000076b400000, 0x0000000774600000, 0x00000007c0000000)
  eden space 119296K, 100% used [0x000000076b400000,0x0000000772880000,0x0000000772880000)
  from space 7680K, 94% used [0x0000000773e80000,0x0000000774593a70,0x0000000774600000)
  to   space 10752K, 0% used [0x0000000773100000,0x0000000773100000,0x0000000773b80000)
 ParOldGen       total 81408K, used 6025K [0x00000006c1c00000, 0x00000006c6b80000, 0x000000076b400000)
  object space 81408K, 7% used [0x00000006c1c00000,0x00000006c21e2430,0x00000006c6b80000)
 Metaspace       used 30933K, capacity 32066K, committed 32256K, reserved 1077248K
  class space    used 4005K, capacity 4263K, committed 4352K, reserved 1048576K
Event: 4.333 GC heap after
Heap after GC invocations=6 (full 1):
 PSYoungGen      total 138752K, used 10126K [0x000000076b400000, 0x0000000779b00000, 0x00000007c0000000)
  eden space 128000K, 0% used [0x000000076b400000,0x000000076b400000,0x0000000773100000)
  from space 10752K, 94% used [0x0000000773100000,0x0000000773ae3a98,0x0000000773b80000)
  to   space 12288K, 0% used [0x0000000778f00000,0x0000000778f00000,0x0000000779b00000)
 ParOldGen       total 81408K, used 6097K [0x00000006c1c00000, 0x00000006c6b80000, 0x000000076b400000)
  object space 81408K, 7% used [0x00000006c1c00000,0x00000006c21f4440,0x00000006c6b80000)
 Metaspace       used 30933K, capacity 32066K, committed 32256K, reserved 1077248K
  class space    used 4005K, capacity 4263K, committed 4352K, reserved 1048576K
}
Event: 5.086 GC heap before
{Heap before GC invocations=7 (full 1):
 PSYoungGen      total 138752K, used 68765K [0x000000076b400000, 0x0000000779b00000, 0x00000007c0000000)
  eden space 128000K, 45% used [0x000000076b400000,0x000000076ed43cf8,0x0000000773100000)
  from space 10752K, 94% used [0x0000000773100000,0x0000000773ae3a98,0x0000000773b80000)
  to   space 12288K, 0% used [0x0000000778f00000,0x0000000778f00000,0x0000000779b00000)
 ParOldGen       total 81408K, used 6097K [0x00000006c1c00000, 0x00000006c6b80000, 0x000000076b400000)
  object space 81408K, 7% used [0x00000006c1c00000,0x00000006c21f4440,0x00000006c6b80000)
 Metaspace       used 33999K, capacity 35334K, committed 35456K, reserved 1079296K
  class space    used 4376K, capacity 4647K, committed 4736K, reserved 1048576K
Event: 5.098 GC heap after
Heap after GC invocations=7 (full 1):
 PSYoungGen      total 223744K, used 10393K [0x000000076b400000, 0x000000077a800000, 0x00000007c0000000)
  eden space 211456K, 0% used [0x000000076b400000,0x000000076b400000,0x0000000778280000)
  from space 12288K, 84% used [0x0000000778f00000,0x0000000779926698,0x0000000779b00000)
  to   space 12800K, 0% used [0x0000000778280000,0x0000000778280000,0x0000000778f00000)
 ParOldGen       total 81408K, used 6105K [0x00000006c1c00000, 0x00000006c6b80000, 0x000000076b400000)
  object space 81408K, 7% used [0x00000006c1c00000,0x00000006c21f6440,0x00000006c6b80000)
 Metaspace       used 33999K, capacity 35334K, committed 35456K, reserved 1079296K
  class space    used 4376K, capacity 4647K, committed 4736K, reserved 1048576K
}
Event: 5.098 GC heap before
{Heap before GC invocations=8 (full 2):
 PSYoungGen      total 223744K, used 10393K [0x000000076b400000, 0x000000077a800000, 0x00000007c0000000)
  eden space 211456K, 0% used [0x000000076b400000,0x000000076b400000,0x0000000778280000)
  from space 12288K, 84% used [0x0000000778f00000,0x0000000779926698,0x0000000779b00000)
  to   space 12800K, 0% used [0x0000000778280000,0x0000000778280000,0x0000000778f00000)
 ParOldGen       total 81408K, used 6105K [0x00000006c1c00000, 0x00000006c6b80000, 0x000000076b400000)
  object space 81408K, 7% used [0x00000006c1c00000,0x00000006c21f6440,0x00000006c6b80000)
 Metaspace       used 33999K, capacity 35334K, committed 35456K, reserved 1079296K
  class space    used 4376K, capacity 4647K, committed 4736K, reserved 1048576K
Event: 5.153 GC heap after
Heap after GC invocations=8 (full 2):
 PSYoungGen      total 223744K, used 0K [0x000000076b400000, 0x000000077a800000, 0x00000007c0000000)
  eden space 211456K, 0% used [0x000000076b400000,0x000000076b400000,0x0000000778280000)
  from space 12288K, 0% used [0x0000000778f00000,0x0000000778f00000,0x0000000779b00000)
  to   space 12800K, 0% used [0x0000000778280000,0x0000000778280000,0x0000000778f00000)
 ParOldGen       total 116224K, used 15062K [0x00000006c1c00000, 0x00000006c8d80000, 0x000000076b400000)
  object space 116224K, 12% used [0x00000006c1c00000,0x00000006c2ab5828,0x00000006c8d80000)
 Metaspace       used 33999K, capacity 35334K, committed 35456K, reserved 1079296K
  class space    used 4376K, capacity 4647K, committed 4736K, reserved 1048576K
}
Event: 8.500 GC heap before
{Heap before GC invocations=9 (full 2):
 PSYoungGen      total 223744K, used 211456K [0x000000076b400000, 0x000000077a800000, 0x00000007c0000000)
  eden space 211456K, 100% used [0x000000076b400000,0x0000000778280000,0x0000000778280000)
  from space 12288K, 0% used [0x0000000778f00000,0x0000000778f00000,0x0000000779b00000)
  to   space 12800K, 0% used [0x0000000778280000,0x0000000778280000,0x0000000778f00000)
 ParOldGen       total 116224K, used 15062K [0x00000006c1c00000, 0x00000006c8d80000, 0x000000076b400000)
  object space 116224K, 12% used [0x00000006c1c00000,0x00000006c2ab5828,0x00000006c8d80000)
 Metaspace       used 50206K, capacity 52080K, committed 52352K, reserved 1093632K
  class space    used 6915K, capacity 7262K, committed 7296K, reserved 1048576K
Event: 8.519 GC heap after
Heap after GC invocations=9 (full 2):
 PSYoungGen      total 224256K, used 12779K [0x000000076b400000, 0x000000077a800000, 0x00000007c0000000)
  eden space 211456K, 0% used [0x000000076b400000,0x000000076b400000,0x0000000778280000)
  from space 12800K, 99% used [0x0000000778280000,0x0000000778efae78,0x0000000778f00000)
  to   space 12288K, 0% used [0x0000000778f00000,0x0000000778f00000,0x0000000779b00000)
 ParOldGen       total 116224K, used 20772K [0x00000006c1c00000, 0x00000006c8d80000, 0x000000076b400000)
  object space 116224K, 17% used [0x00000006c1c00000,0x00000006c30490b8,0x00000006c8d80000)
 Metaspace       used 50206K, capacity 52080K, committed 52352K, reserved 1093632K
  class space    used 6915K, capacity 7262K, committed 7296K, reserved 1048576K
}

